[32m2017-12-17 21:51:23.131 WAT [main] c.b.i.CensureControllerIntegrationTest DEBUG: 1
[m[32m2017-12-17 21:51:23.160 WAT [main] c.b.i.CensureControllerIntegrationTest DEBUG: {
    "id": 1,
    "entityType": "PROJET",
    "entityId": 7,
    "dateCreation": 1513543880208,
    "dateMiseAJour": 1513543880208,
    "message": "censure test after the doc"
}
[m[32m2017-12-17 21:51:24.164 WAT [main] c.b.i.CensureControllerIntegrationTest DEBUG: {
    "id": 1,
    "entityType": "PROJET",
    "entityId": 7,
    "dateCreation": 1513543880208,
    "dateMiseAJour": 1513543880208,
    "message": "censure test after the doc"
}
[m[32m2017-12-17 21:51:24.285 WAT [main] c.b.i.CensureControllerIntegrationTest DEBUG: {
    "timestamp": 1513543884248,
    "status": 405,
    "error": "Method Not Allowed",
    "exception": "org.springframework.web.HttpRequestMethodNotSupportedException",
    "message": "Request method 'GET' not supported",
    "path": "/censure/censures"
}
[m[32m2017-12-17 21:51:24.444 WAT [main] c.b.i.CensureControllerIntegrationTest DEBUG: [
    {
        "id": 1,
        "entityType": "PROJET",
        "entityId": 7,
        "dateCreation": 1513543880208,
        "dateMiseAJour": 1513543880208,
        "message": "censure test after the doc"
    }
]
[m[32m2017-12-17 22:05:07.500 WAT [main] c.b.i.CensureControllerIntegrationTest DEBUG: 2
[m[32m2017-12-17 22:05:07.543 WAT [main] c.b.i.CensureControllerIntegrationTest DEBUG: {
    "id": 2,
    "entityType": "PROJET",
    "entityId": 7,
    "dateCreation": 1513544705382,
    "dateMiseAJour": 1513544705382,
    "message": "censure test after the doc"
}
[m[32m2017-12-17 22:05:08.245 WAT [main] c.b.i.CensureControllerIntegrationTest DEBUG: {
    "id": 2,
    "entityType": "PROJET",
    "entityId": 7,
    "dateCreation": 1513544705382,
    "dateMiseAJour": 1513544705382,
    "message": "censure test after the doc"
}
[m[32m2017-12-17 22:05:08.692 WAT [main] c.b.i.CensureControllerIntegrationTest DEBUG: [
    {
        "id": 1,
        "entityType": "PROJET",
        "entityId": 7,
        "dateCreation": 1513543880208,
        "dateMiseAJour": 1513543880208,
        "message": "censure test after the doc"
    },
    {
        "id": 2,
        "entityType": "PROJET",
        "entityId": 7,
        "dateCreation": 1513544705382,
        "dateMiseAJour": 1513544705382,
        "message": "censure test after the doc"
    }
]
[m[32m2017-12-17 22:05:08.858 WAT [main] c.b.i.CensureControllerIntegrationTest DEBUG: [
    {
        "id": 1,
        "entityType": "PROJET",
        "entityId": 7,
        "dateCreation": 1513543880208,
        "dateMiseAJour": 1513543880208,
        "message": "censure test after the doc"
    }
]
[m